TN:
SF:C:\Users\Andersen\Andersen\Projects\Payment_Front\payment-app\src\polyfills.ts
FNF:0
FNH:0
LF:0
LH:0
BRF:0
BRH:0
end_of_record
TN:
SF:C:\Users\Andersen\Andersen\Projects\Payment_Front\payment-app\src\test.ts
FNF:0
FNH:0
DA:6,1
DA:8,1
DA:10,1
LF:3
LH:3
BRF:0
BRH:0
end_of_record
TN:
SF:C:\Users\Andersen\Andersen\Projects\Payment_Front\payment-app\src\app\app.component.ts
FN:1,(anonymous_0)
FN:7,(anonymous_1)
FN:12,(anonymous_2)
FN:13,AppComponent
FN:16,(anonymous_4)
FN:20,(anonymous_5)
FN:23,(anonymous_6)
FNF:7
FNH:7
FNDA:1,(anonymous_0)
FNDA:1,(anonymous_1)
FNDA:1,(anonymous_2)
FNDA:3,AppComponent
FNDA:3,(anonymous_4)
FNDA:1,(anonymous_5)
FNDA:1,(anonymous_6)
DA:1,1
DA:2,1
DA:3,1
DA:4,2
DA:5,1
DA:7,1
DA:8,1
DA:12,1
DA:14,3
DA:16,1
DA:17,3
DA:18,3
DA:20,1
DA:21,1
DA:23,1
DA:24,1
DA:26,1
DA:34,1
LF:18
LH:18
BRDA:1,0,0,1
BRDA:1,0,1,0
BRDA:1,0,2,1
BRDA:2,1,0,1
BRDA:2,1,1,0
BRDA:2,2,0,0
BRDA:2,2,1,0
BRDA:3,3,0,0
BRDA:3,3,1,1
BRDA:3,4,0,1
BRDA:3,4,1,1
BRDA:4,5,0,2
BRDA:4,5,1,0
BRDA:4,6,0,2
BRDA:4,6,1,1
BRDA:4,7,0,2
BRDA:4,7,1,0
BRDA:4,8,0,0
BRDA:4,8,1,0
BRDA:5,9,0,1
BRDA:5,9,1,0
BRDA:5,9,2,0
BRDA:7,10,0,1
BRDA:7,10,1,0
BRDA:7,10,2,1
BRDA:8,11,0,1
BRDA:8,11,1,0
BRDA:8,12,0,1
BRDA:8,12,1,1
BRF:29
BRH:16
end_of_record
TN:
SF:C:\Users\Andersen\Andersen\Projects\Payment_Front\payment-app\src\app\shared\payment-table\payment-table.component.ts
FN:1,(anonymous_0)
FN:7,(anonymous_1)
FN:12,(anonymous_2)
FN:13,PaymentTableComponent
FN:18,(anonymous_4)
FN:20,(anonymous_5)
FN:21,(anonymous_6)
FN:23,(anonymous_7)
FN:30,(anonymous_8)
FN:33,(anonymous_9)
FN:36,(anonymous_10)
FNF:11
FNH:11
FNDA:5,(anonymous_0)
FNDA:4,(anonymous_1)
FNDA:1,(anonymous_2)
FNDA:7,PaymentTableComponent
FNDA:3,(anonymous_4)
FNDA:6,(anonymous_5)
FNDA:72,(anonymous_6)
FNDA:12,(anonymous_7)
FNDA:1,(anonymous_8)
FNDA:1,(anonymous_9)
FNDA:97,(anonymous_10)
DA:1,1
DA:2,5
DA:3,5
DA:4,9
DA:5,5
DA:7,1
DA:8,4
DA:12,1
DA:14,7
DA:15,7
DA:16,7
DA:18,1
DA:19,3
DA:20,3
DA:21,72
DA:22,6
DA:23,6
DA:24,12
DA:26,6
DA:28,3
DA:30,1
DA:31,1
DA:33,1
DA:34,1
DA:36,1
DA:37,97
DA:39,1
DA:43,1
DA:47,1
DA:51,1
DA:55,1
DA:63,1
LF:32
LH:32
BRDA:1,0,0,1
BRDA:1,0,1,0
BRDA:1,0,2,1
BRDA:2,1,0,1
BRDA:2,1,1,4
BRDA:2,2,0,0
BRDA:2,2,1,4
BRDA:3,3,0,0
BRDA:3,3,1,5
BRDA:3,4,0,5
BRDA:3,4,1,5
BRDA:4,5,0,9
BRDA:4,5,1,0
BRDA:4,6,0,9
BRDA:4,6,1,8
BRDA:4,7,0,1
BRDA:4,7,1,8
BRDA:4,8,0,8
BRDA:4,8,1,0
BRDA:5,9,0,5
BRDA:5,9,1,4
BRDA:5,9,2,0
BRDA:7,10,0,1
BRDA:7,10,1,0
BRDA:7,10,2,1
BRDA:8,11,0,4
BRDA:8,11,1,0
BRDA:8,12,0,4
BRDA:8,12,1,4
BRF:29
BRH:21
end_of_record
TN:
SF:C:\Users\Andersen\Andersen\Projects\Payment_Front\payment-app\src\app\shared\payment-table\payment-table.module.ts
FN:1,(anonymous_0)
FN:12,(anonymous_1)
FN:13,PaymentTableModule
FNF:3
FNH:3
FNDA:1,(anonymous_0)
FNDA:1,(anonymous_1)
FNDA:3,PaymentTableModule
DA:1,1
DA:2,1
DA:3,1
DA:4,1
DA:5,1
DA:12,1
DA:15,1
DA:30,1
LF:8
LH:8
BRDA:1,0,0,1
BRDA:1,0,1,0
BRDA:1,0,2,1
BRDA:2,1,0,1
BRDA:2,1,1,0
BRDA:2,2,0,0
BRDA:2,2,1,0
BRDA:3,3,0,0
BRDA:3,3,1,1
BRDA:3,4,0,1
BRDA:3,4,1,1
BRDA:4,5,0,1
BRDA:4,5,1,0
BRDA:4,6,0,1
BRDA:4,6,1,0
BRDA:4,7,0,1
BRDA:4,7,1,0
BRDA:4,8,0,0
BRDA:4,8,1,0
BRDA:5,9,0,1
BRDA:5,9,1,0
BRDA:5,9,2,0
BRF:22
BRH:10
end_of_record
TN:
SF:C:\Users\Andersen\Andersen\Projects\Payment_Front\payment-app\src\app\shared\payment-table\components\payment-table-row\payment-table-row.component.ts
FN:1,(anonymous_0)
FN:7,(anonymous_1)
FN:17,(anonymous_2)
FN:18,PaymentTableRowComponent
FN:27,(anonymous_4)
FN:32,(anonymous_5)
FN:34,(anonymous_6)
FN:38,(anonymous_7)
FN:41,(anonymous_8)
FN:44,(anonymous_9)
FNF:10
FNH:9
FNDA:5,(anonymous_0)
FNDA:5,(anonymous_1)
FNDA:1,(anonymous_2)
FNDA:10,PaymentTableRowComponent
FNDA:10,(anonymous_4)
FNDA:0,(anonymous_5)
FNDA:10,(anonymous_6)
FNDA:1,(anonymous_7)
FNDA:10,(anonymous_8)
FNDA:120,(anonymous_9)
DA:1,1
DA:2,5
DA:3,5
DA:4,10
DA:5,5
DA:7,1
DA:8,5
DA:17,1
DA:19,10
DA:20,10
DA:21,10
DA:22,10
DA:23,10
DA:24,10
DA:25,10
DA:27,1
DA:28,10
DA:29,10
DA:30,10
DA:32,0
DA:34,1
DA:35,10
DA:36,10
DA:38,1
DA:39,1
DA:41,1
DA:42,10
DA:43,10
DA:44,10
DA:45,120
DA:46,120
DA:49,1
DA:53,1
DA:57,1
DA:61,1
DA:65,1
DA:76,1
LF:37
LH:36
BRDA:1,0,0,1
BRDA:1,0,1,0
BRDA:1,0,2,1
BRDA:2,1,0,1
BRDA:2,1,1,4
BRDA:2,2,0,0
BRDA:2,2,1,4
BRDA:3,3,0,0
BRDA:3,3,1,5
BRDA:3,4,0,5
BRDA:3,4,1,5
BRDA:4,5,0,10
BRDA:4,5,1,0
BRDA:4,6,0,10
BRDA:4,6,1,9
BRDA:4,7,0,2
BRDA:4,7,1,8
BRDA:4,8,0,8
BRDA:4,8,1,0
BRDA:5,9,0,5
BRDA:5,9,1,4
BRDA:5,9,2,0
BRDA:7,10,0,1
BRDA:7,10,1,0
BRDA:7,10,2,1
BRDA:8,11,0,5
BRDA:8,11,1,0
BRDA:8,12,0,5
BRDA:8,12,1,5
BRDA:45,13,0,72
BRDA:45,13,1,48
BRF:31
BRH:23
end_of_record
TN:
SF:C:\Users\Andersen\Andersen\Projects\Payment_Front\payment-app\src\app\shared\payment-table\components\payment-table-row\payment-table-row.module.ts
FN:1,(anonymous_0)
FN:13,(anonymous_1)
FN:14,PaymentTableRowModule
FNF:3
FNH:3
FNDA:1,(anonymous_0)
FNDA:1,(anonymous_1)
FNDA:7,PaymentTableRowModule
DA:1,1
DA:2,1
DA:3,1
DA:4,1
DA:5,1
DA:13,1
DA:16,1
DA:33,1
LF:8
LH:8
BRDA:1,0,0,1
BRDA:1,0,1,0
BRDA:1,0,2,1
BRDA:2,1,0,1
BRDA:2,1,1,0
BRDA:2,2,0,0
BRDA:2,2,1,0
BRDA:3,3,0,0
BRDA:3,3,1,1
BRDA:3,4,0,1
BRDA:3,4,1,1
BRDA:4,5,0,1
BRDA:4,5,1,0
BRDA:4,6,0,1
BRDA:4,6,1,0
BRDA:4,7,0,1
BRDA:4,7,1,0
BRDA:4,8,0,0
BRDA:4,8,1,0
BRDA:5,9,0,1
BRDA:5,9,1,0
BRDA:5,9,2,0
BRF:22
BRH:10
end_of_record
TN:
SF:C:\Users\Andersen\Andersen\Projects\Payment_Front\payment-app\src\app\shared\payment-table\components\table-actions-bar\table-actions-bar.component.ts
FN:1,(anonymous_0)
FN:7,(anonymous_1)
FN:12,(anonymous_2)
FN:13,TableActionsBarComponent
FN:17,(anonymous_4)
FN:20,(anonymous_5)
FN:24,(anonymous_6)
FNF:7
FNH:7
FNDA:2,(anonymous_0)
FNDA:2,(anonymous_1)
FNDA:1,(anonymous_2)
FNDA:13,TableActionsBarComponent
FNDA:13,(anonymous_4)
FNDA:1,(anonymous_5)
FNDA:13,(anonymous_6)
DA:1,1
DA:2,2
DA:3,2
DA:4,4
DA:5,2
DA:7,1
DA:8,2
DA:12,1
DA:14,13
DA:15,13
DA:17,1
DA:18,13
DA:20,1
DA:21,1
DA:22,1
DA:24,1
DA:25,13
DA:30,1
DA:34,1
DA:42,1
LF:20
LH:20
BRDA:1,0,0,1
BRDA:1,0,1,0
BRDA:1,0,2,1
BRDA:2,1,0,1
BRDA:2,1,1,1
BRDA:2,2,0,0
BRDA:2,2,1,1
BRDA:3,3,0,0
BRDA:3,3,1,2
BRDA:3,4,0,2
BRDA:3,4,1,2
BRDA:4,5,0,4
BRDA:4,5,1,0
BRDA:4,6,0,4
BRDA:4,6,1,3
BRDA:4,7,0,2
BRDA:4,7,1,2
BRDA:4,8,0,2
BRDA:4,8,1,0
BRDA:5,9,0,2
BRDA:5,9,1,1
BRDA:5,9,2,0
BRDA:7,10,0,1
BRDA:7,10,1,0
BRDA:7,10,2,1
BRDA:8,11,0,2
BRDA:8,11,1,0
BRDA:8,12,0,2
BRDA:8,12,1,2
BRF:29
BRH:21
end_of_record
TN:
SF:C:\Users\Andersen\Andersen\Projects\Payment_Front\payment-app\src\app\shared\payment-table\components\table-actions-bar\table-actions-bar.module.ts
FN:1,(anonymous_0)
FN:12,(anonymous_1)
FN:13,TableActionsBarModule
FNF:3
FNH:3
FNDA:1,(anonymous_0)
FNDA:1,(anonymous_1)
FNDA:7,TableActionsBarModule
DA:1,1
DA:2,1
DA:3,1
DA:4,1
DA:5,1
DA:12,1
DA:15,1
DA:31,1
LF:8
LH:8
BRDA:1,0,0,1
BRDA:1,0,1,0
BRDA:1,0,2,1
BRDA:2,1,0,1
BRDA:2,1,1,0
BRDA:2,2,0,0
BRDA:2,2,1,0
BRDA:3,3,0,0
BRDA:3,3,1,1
BRDA:3,4,0,1
BRDA:3,4,1,1
BRDA:4,5,0,1
BRDA:4,5,1,0
BRDA:4,6,0,1
BRDA:4,6,1,0
BRDA:4,7,0,1
BRDA:4,7,1,0
BRDA:4,8,0,0
BRDA:4,8,1,0
BRDA:5,9,0,1
BRDA:5,9,1,0
BRDA:5,9,2,0
BRF:22
BRH:10
end_of_record
TN:
SF:C:\Users\Andersen\Andersen\Projects\Payment_Front\payment-app\src\app\utils\constants\payment-table-consts.ts
FNF:0
FNH:0
DA:1,1
LF:1
LH:1
BRF:0
BRH:0
end_of_record
TN:
SF:C:\Users\Andersen\Andersen\Projects\Payment_Front\payment-app\src\app\utils\enums\month.enum.ts
FN:2,(anonymous_0)
FN:17,(anonymous_1)
FNF:2
FNH:2
FNDA:1,(anonymous_0)
FNDA:1,(anonymous_1)
DA:2,1
DA:3,1
DA:4,1
DA:5,1
DA:6,1
DA:7,1
DA:8,1
DA:9,1
DA:10,1
DA:11,1
DA:12,1
DA:13,1
DA:14,1
DA:17,1
DA:18,1
DA:19,1
DA:20,1
DA:21,1
DA:22,1
DA:23,1
DA:24,1
DA:25,1
DA:26,1
DA:27,1
DA:28,1
DA:29,1
LF:26
LH:26
BRDA:15,0,0,1
BRDA:15,0,1,1
BRDA:30,1,0,1
BRDA:30,1,1,1
BRF:4
BRH:4
end_of_record
TN:
SF:C:\Users\Andersen\Andersen\Projects\Payment_Front\payment-app\src\app\utils\mock\payment-table-mock-data.ts
FNF:0
FNH:0
DA:1,1
DA:5,1
DA:39,1
DA:40,1
DA:41,1
DA:42,1
DA:43,1
DA:44,1
LF:8
LH:8
BRF:0
BRH:0
end_of_record
TN:
SF:C:\Users\Andersen\Andersen\Projects\Payment_Front\payment-app\src\app\utils\pipes\price-by-month.pipe.ts
FN:1,(anonymous_0)
FN:9,(anonymous_1)
FN:10,PriceByMonthPipe
FN:12,(anonymous_3)
FN:13,(anonymous_4)
FN:15,(anonymous_5)
FNF:6
FNH:6
FNDA:1,(anonymous_0)
FNDA:1,(anonymous_1)
FNDA:12,PriceByMonthPipe
FNDA:7,(anonymous_3)
FNDA:84,(anonymous_4)
FNDA:14,(anonymous_5)
DA:1,1
DA:2,1
DA:3,1
DA:4,1
DA:5,1
DA:9,1
DA:12,1
DA:13,84
DA:14,7
DA:15,7
DA:16,14
DA:18,7
DA:20,1
DA:25,1
LF:14
LH:14
BRDA:1,0,0,1
BRDA:1,0,1,0
BRDA:1,0,2,1
BRDA:2,1,0,1
BRDA:2,1,1,0
BRDA:2,2,0,0
BRDA:2,2,1,0
BRDA:3,3,0,0
BRDA:3,3,1,1
BRDA:3,4,0,1
BRDA:3,4,1,1
BRDA:4,5,0,1
BRDA:4,5,1,0
BRDA:4,6,0,1
BRDA:4,6,1,0
BRDA:4,7,0,1
BRDA:4,7,1,0
BRDA:4,8,0,0
BRDA:4,8,1,0
BRDA:5,9,0,1
BRDA:5,9,1,0
BRDA:5,9,2,0
BRF:22
BRH:10
end_of_record
TN:
SF:C:\Users\Andersen\Andersen\Projects\Payment_Front\payment-app\src\app\utils\services\payment-table-service.ts
FN:1,(anonymous_0)
FN:9,(anonymous_1)
FN:18,(anonymous_2)
FN:19,PaymentTableService
FN:23,(anonymous_4)
FN:27,(anonymous_5)
FN:29,(anonymous_6)
FN:31,(anonymous_7)
FN:33,(anonymous_8)
FN:38,(anonymous_9)
FN:41,(anonymous_10)
FNF:11
FNH:10
FNDA:0,(anonymous_0)
FNDA:1,(anonymous_1)
FNDA:1,(anonymous_2)
FNDA:13,PaymentTableService
FNDA:1,(anonymous_4)
FNDA:1,(anonymous_5)
FNDA:2,(anonymous_6)
FNDA:1,(anonymous_7)
FNDA:2,(anonymous_8)
FNDA:4,(anonymous_9)
FNDA:4,(anonymous_10)
DA:1,1
DA:2,0
DA:3,0
DA:4,0
DA:5,0
DA:7,0
DA:9,1
DA:10,1
DA:11,1
DA:12,1
DA:13,1
DA:18,1
DA:20,13
DA:21,13
DA:23,1
DA:24,1
DA:25,1
DA:27,1
DA:28,1
DA:29,2
DA:31,1
DA:32,1
DA:33,2
DA:34,1
DA:35,1
DA:36,1
DA:38,1
DA:39,4
DA:41,1
DA:42,4
DA:44,1
DA:49,1
LF:32
LH:27
BRDA:1,0,0,1
BRDA:1,0,1,0
BRDA:1,0,2,1
BRDA:1,0,3,0
BRDA:4,1,0,0
BRDA:4,1,1,0
BRDA:9,2,0,1
BRDA:9,2,1,0
BRDA:9,2,2,1
BRDA:10,3,0,1
BRDA:10,3,1,0
BRDA:10,4,0,0
BRDA:10,4,1,0
BRDA:11,5,0,0
BRDA:11,5,1,1
BRDA:11,6,0,1
BRDA:11,6,1,1
BRDA:12,7,0,1
BRDA:12,7,1,0
BRDA:12,8,0,1
BRDA:12,8,1,0
BRDA:12,9,0,1
BRDA:12,9,1,0
BRDA:12,10,0,0
BRDA:12,10,1,0
BRDA:13,11,0,1
BRDA:13,11,1,0
BRDA:13,11,2,0
BRF:28
BRH:12
end_of_record
