TN:
SF:src\polyfills.ts
FNF:0
FNH:0
LF:0
LH:0
BRF:0
BRH:0
end_of_record
TN:
SF:src\test.ts
FNF:0
FNH:0
DA:13,1
DA:18,1
DA:20,1
LF:3
LH:3
BRF:0
BRH:0
end_of_record
TN:
SF:src\app\app.component.ts
FN:15,(anonymous_0)
FN:17,(anonymous_1)
FN:22,(anonymous_2)
FN:26,(anonymous_3)
FNF:4
FNH:4
FNDA:3,(anonymous_0)
FNDA:3,(anonymous_1)
FNDA:1,(anonymous_2)
FNDA:1,(anonymous_3)
DA:11,1
DA:15,3
DA:18,3
DA:19,3
DA:23,1
DA:27,1
LF:6
LH:6
BRF:0
BRH:0
end_of_record
TN:
SF:src\app\shared\payment-table\payment-table.component.ts
FN:29,(anonymous_1)
FN:31,(anonymous_2)
FN:32,(anonymous_3)
FN:35,(anonymous_4)
FN:45,(anonymous_5)
FN:49,(anonymous_6)
FN:53,(anonymous_7)
FNF:7
FNH:7
FNDA:3,(anonymous_1)
FNDA:6,(anonymous_2)
FNDA:72,(anonymous_3)
FNDA:12,(anonymous_4)
FNDA:1,(anonymous_5)
FNDA:1,(anonymous_6)
FNDA:97,(anonymous_7)
DA:19,1
DA:23,7
DA:24,7
DA:26,7
DA:30,3
DA:31,3
DA:32,72
DA:33,6
DA:35,6
DA:36,12
DA:39,6
DA:42,3
DA:46,1
DA:50,1
DA:54,97
LF:15
LH:15
BRF:0
BRH:0
end_of_record
TN:
SF:src\app\shared\payment-table\payment-table.module.ts
FNF:0
FNH:0
DA:20,1
LF:1
LH:1
BRF:0
BRH:0
end_of_record
TN:
SF:src\app\shared\payment-table\components\payment-table-row\payment-table-row.component.ts
FN:38,(anonymous_0)
FN:42,(anonymous_1)
FN:49,(anonymous_2)
FN:52,(anonymous_3)
FN:57,(anonymous_4)
FN:61,(anonymous_5)
FN:63,(anonymous_6)
FNF:7
FNH:6
FNDA:10,(anonymous_0)
FNDA:10,(anonymous_1)
FNDA:0,(anonymous_2)
FNDA:10,(anonymous_3)
FNDA:1,(anonymous_4)
FNDA:10,(anonymous_5)
FNDA:120,(anonymous_6)
DA:25,1
DA:30,10
DA:32,10
DA:33,10
DA:36,10
DA:38,10
DA:39,10
DA:40,10
DA:43,10
DA:45,10
DA:49,0
DA:53,10
DA:54,10
DA:58,1
DA:62,10
DA:63,10
DA:64,120
DA:65,120
LF:18
LH:17
BRDA:64,0,0,72
BRDA:64,0,1,48
BRF:2
BRH:2
end_of_record
TN:
SF:src\app\shared\payment-table\components\payment-table-row\payment-table-row.module.ts
FNF:0
FNH:0
DA:23,1
LF:1
LH:1
BRF:0
BRH:0
end_of_record
TN:
SF:src\app\shared\payment-table\components\table-actions-bar\table-actions-bar.component.ts
FN:15,(anonymous_0)
FN:17,(anonymous_1)
FN:21,(anonymous_2)
FN:26,(anonymous_3)
FNF:4
FNH:4
FNDA:13,(anonymous_0)
FNDA:13,(anonymous_1)
FNDA:1,(anonymous_2)
FNDA:13,(anonymous_3)
DA:10,1
DA:11,13
DA:15,13
DA:18,13
DA:22,1
DA:23,1
DA:27,13
LF:7
LH:7
BRF:0
BRH:0
end_of_record
TN:
SF:src\app\shared\payment-table\components\table-actions-bar\table-actions-bar.module.ts
FNF:0
FNH:0
DA:21,1
LF:1
LH:1
BRF:0
BRH:0
end_of_record
TN:
SF:src\app\utils\constants\payment-table-consts.ts
FNF:0
FNH:0
DA:1,1
LF:1
LH:1
BRF:0
BRH:0
end_of_record
TN:
SF:src\app\utils\enums\month.enum.ts
FN:1,(anonymous_0)
FN:16,(anonymous_1)
FNF:2
FNH:2
FNDA:1,(anonymous_0)
FNDA:1,(anonymous_1)
DA:1,1
DA:2,1
DA:3,1
DA:4,1
DA:5,1
DA:6,1
DA:7,1
DA:8,1
DA:9,1
DA:10,1
DA:11,1
DA:12,1
DA:13,1
DA:16,1
DA:17,1
DA:18,1
DA:19,1
DA:20,1
DA:21,1
DA:22,1
DA:23,1
DA:24,1
DA:25,1
DA:26,1
DA:27,1
DA:28,1
LF:26
LH:26
BRDA:1,0,0,1
BRDA:1,0,1,1
BRDA:16,1,0,1
BRDA:16,1,1,1
BRF:4
BRH:4
end_of_record
TN:
SF:src\app\utils\mock\payment-table-mock-data.ts
FNF:0
FNH:0
DA:3,1
DA:8,1
DA:43,1
DA:45,1
DA:47,1
DA:49,1
DA:51,1
DA:53,1
LF:8
LH:8
BRF:0
BRH:0
end_of_record
TN:
SF:src\app\utils\pipes\price-by-month.pipe.ts
FN:9,(anonymous_0)
FN:10,(anonymous_1)
FN:13,(anonymous_2)
FNF:3
FNH:3
FNDA:7,(anonymous_0)
FNDA:84,(anonymous_1)
FNDA:14,(anonymous_2)
DA:7,1
DA:10,84
DA:11,7
DA:13,7
DA:14,14
DA:17,7
LF:6
LH:6
BRF:0
BRH:0
end_of_record
TN:
SF:src\app\utils\services\payment-table-service.ts
FN:13,(anonymous_1)
FN:19,(anonymous_2)
FN:22,(anonymous_3)
FN:25,(anonymous_4)
FN:27,(anonymous_5)
FN:37,(anonymous_6)
FN:41,(anonymous_7)
FNF:7
FNH:7
FNDA:1,(anonymous_1)
FNDA:1,(anonymous_2)
FNDA:2,(anonymous_3)
FNDA:1,(anonymous_4)
FNDA:2,(anonymous_5)
FNDA:4,(anonymous_6)
FNDA:4,(anonymous_7)
DA:9,1
DA:10,13
DA:11,13
DA:14,1
DA:16,1
DA:20,1
DA:22,2
DA:26,1
DA:27,2
DA:28,1
DA:33,1
DA:34,1
DA:38,4
DA:42,4
LF:14
LH:14
BRF:0
BRH:0
end_of_record
